[debug] [2022-05-22T01:15:51.059Z] ----------------------------------------------------------------------
[debug] [2022-05-22T01:15:51.061Z] Command:       C:\Program Files\nodejs\node.exe C:\Users\Matt\AppData\Roaming\npm\node_modules\firebase-tools\lib\bin\firebase.js emulators:start --only functions
[debug] [2022-05-22T01:15:51.062Z] CLI Version:   11.0.0
[debug] [2022-05-22T01:15:51.062Z] Platform:      win32
[debug] [2022-05-22T01:15:51.062Z] Node Version:  v16.14.2
[debug] [2022-05-22T01:15:51.064Z] Time:          Sat May 21 2022 21:15:51 GMT-0400 (Eastern Daylight Time)
[debug] [2022-05-22T01:15:51.064Z] ----------------------------------------------------------------------
[debug] 
[debug] [2022-05-22T01:15:51.152Z] > command requires scopes: ["email","openid","https://www.googleapis.com/auth/cloudplatformprojects.readonly","https://www.googleapis.com/auth/firebase","https://www.googleapis.com/auth/cloud-platform"]
[debug] [2022-05-22T01:15:51.153Z] > authorizing via signed-in user (matt@matthew-woodard.com)
[info] i  emulators: Starting emulators: functions {"metadata":{"emulator":{"name":"hub"},"message":"Starting emulators: functions"}}
[debug] [2022-05-22T01:15:51.205Z] [hub] writing locator at C:\Users\Matt\AppData\Local\Temp\hub-foodinaflash-a9ca9.json
[warn] !  functions: The following emulators are not running, calls to these services from the Functions emulator will affect production: auth, firestore, database, hosting, pubsub, storage {"metadata":{"emulator":{"name":"functions"},"message":"The following emulators are not running, calls to these services from the Functions emulator will affect production: \u001b[1mauth, firestore, database, hosting, pubsub, storage\u001b[22m"}}
[info] +  functions: Using node@16 from host. {"metadata":{"emulator":{"name":"functions"},"message":"Using node@16 from host."}}
[debug] [2022-05-22T01:15:51.614Z] defaultcredentials: writing to file C:\Users\Matt\AppData\Roaming\firebase\matt_matthew-woodard_com_application_default_credentials.json
[debug] [2022-05-22T01:15:51.615Z] Setting GAC to C:\Users\Matt\AppData\Roaming\firebase\matt_matthew-woodard_com_application_default_credentials.json {"metadata":{"emulator":{"name":"functions"},"message":"Setting GAC to C:\\Users\\Matt\\AppData\\Roaming\\firebase\\matt_matthew-woodard_com_application_default_credentials.json"}}
[debug] [2022-05-22T01:15:51.619Z] >>> [apiv2][query] GET https://firebase.googleapis.com/v1beta1/projects/foodinaflash-a9ca9/adminSdkConfig [none]
[debug] [2022-05-22T01:15:51.998Z] <<< [apiv2][status] GET https://firebase.googleapis.com/v1beta1/projects/foodinaflash-a9ca9/adminSdkConfig 200
[debug] [2022-05-22T01:15:51.998Z] <<< [apiv2][body] GET https://firebase.googleapis.com/v1beta1/projects/foodinaflash-a9ca9/adminSdkConfig {"projectId":"foodinaflash-a9ca9","storageBucket":"foodinaflash-a9ca9.appspot.com"}
[info] i  ui: downloading ui-v1.7.0.zip... {"metadata":{"emulator":{"name":"ui"},"message":"downloading ui-v1.7.0.zip..."}}
[debug] [2022-05-22T01:15:52.026Z] >>> [apiv2][query] GET https://storage.googleapis.com/firebase-preview-drop/emulator/ui-v1.7.0.zip 
[debug] [2022-05-22T01:15:52.238Z] <<< [apiv2][status] GET https://storage.googleapis.com/firebase-preview-drop/emulator/ui-v1.7.0.zip 200
[debug] [2022-05-22T01:15:52.239Z] <<< [apiv2][body] GET https://storage.googleapis.com/firebase-preview-drop/emulator/ui-v1.7.0.zip [stream]
[debug] [2022-05-22T01:15:53.121Z] Ignoring unsupported arg: auto_download {"metadata":{"emulator":{"name":"ui"},"message":"Ignoring unsupported arg: auto_download"}}
[debug] [2022-05-22T01:15:53.122Z] Ignoring unsupported arg: port {"metadata":{"emulator":{"name":"ui"},"message":"Ignoring unsupported arg: port"}}
[debug] [2022-05-22T01:15:53.122Z] Starting Emulator UI with command {"binary":"node","args":["--dns-result-order=ipv4first","C:\\Users\\Matt\\.cache\\firebase\\emulators\\ui-v1.7.0\\server.bundle.js"],"optionalArgs":[],"joinArgs":false} {"metadata":{"emulator":{"name":"ui"},"message":"Starting Emulator UI with command {\"binary\":\"node\",\"args\":[\"--dns-result-order=ipv4first\",\"C:\\\\Users\\\\Matt\\\\.cache\\\\firebase\\\\emulators\\\\ui-v1.7.0\\\\server.bundle.js\"],\"optionalArgs\":[],\"joinArgs\":false}"}}
[info] i  ui: Emulator UI logging to ui-debug.log {"metadata":{"emulator":{"name":"ui"},"message":"Emulator UI logging to \u001b[1mui-debug.log\u001b[22m"}}
[debug] [2022-05-22T01:15:53.314Z] Web / API server started at localhost:4000
 {"metadata":{"emulator":{"name":"ui"},"message":"Web / API server started at localhost:4000\n"}}
[info] i  functions: Watching "C:\Users\Matt\Desktop\projects\MealsInAFlash\functions" for Cloud Functions... {"metadata":{"emulator":{"name":"functions"},"message":"Watching \"C:\\Users\\Matt\\Desktop\\projects\\MealsInAFlash\\functions\" for Cloud Functions..."}}
[debug] [2022-05-22T01:15:53.431Z] Validating nodejs source
[debug] [2022-05-22T01:15:57.758Z] > [functions] package.json contents: {
  "name": "functions",
  "description": "Cloud Functions for Firebase",
  "scripts": {
    "serve": "firebase emulators:start --only functions",
    "shell": "firebase functions:shell",
    "start": "npm run shell",
    "deploy": "firebase deploy --only functions",
    "logs": "firebase functions:log"
  },
  "engines": {
    "node": "16"
  },
  "main": "index.js",
  "dependencies": {
    "firebase-admin": "^10.0.2",
    "firebase-functions": "^3.18.0"
  },
  "devDependencies": {
    "firebase-functions-test": "^0.2.0"
  },
  "private": true
}
[debug] [2022-05-22T01:15:57.758Z] Building nodejs source
[debug] [2022-05-22T01:15:57.758Z] Analyzing nodejs backend spec
[debug] [2022-05-22T01:15:57.760Z] Could not find functions.yaml. Must use http discovery
[debug] [2022-05-22T01:15:58.132Z] Serving at port 9005

[debug] [2022-05-22T01:15:58.268Z] Got response from /__/functions.yaml {"endpoints":{},"specVersion":"v1alpha1","requiredAPIs":[]}
[debug] [2022-05-22T01:15:58.287Z] shutdown requested via /__/quitquitquit

[info] 
┌─────────────────────────────────────────────────────────────┐
│ ✔  All emulators ready! It is now safe to connect your app. │
│ i  View Emulator UI at http://localhost:4000                │
└─────────────────────────────────────────────────────────────┘

┌───────────┬────────────────┬─────────────────────────────────┐
│ Emulator  │ Host:Port      │ View in Emulator UI             │
├───────────┼────────────────┼─────────────────────────────────┤
│ Functions │ localhost:5001 │ http://localhost:4000/functions │
└───────────┴────────────────┴─────────────────────────────────┘
  Emulator Hub running at localhost:4400
  Other reserved ports: 4500

Issues? Report them at https://github.com/firebase/firebase-tools/issues and attach the *-debug.log files.
 
[debug] [2022-05-22T01:17:01.292Z] File C:\Users\Matt\Desktop\projects\MealsInAFlash\functions\index.js changed, reloading triggers {"metadata":{"emulator":{"name":"functions"},"message":"File C:\\Users\\Matt\\Desktop\\projects\\MealsInAFlash\\functions\\index.js changed, reloading triggers"}}
[debug] [2022-05-22T01:17:02.304Z] Validating nodejs source
[debug] [2022-05-22T01:17:07.009Z] > [functions] package.json contents: {
  "name": "functions",
  "description": "Cloud Functions for Firebase",
  "scripts": {
    "serve": "firebase emulators:start --only functions",
    "shell": "firebase functions:shell",
    "start": "npm run shell",
    "deploy": "firebase deploy --only functions",
    "logs": "firebase functions:log"
  },
  "engines": {
    "node": "16"
  },
  "main": "index.js",
  "dependencies": {
    "firebase-admin": "^10.0.2",
    "firebase-functions": "^3.18.0"
  },
  "devDependencies": {
    "firebase-functions-test": "^0.2.0"
  },
  "private": true
}
[debug] [2022-05-22T01:17:07.010Z] Building nodejs source
[debug] [2022-05-22T01:17:07.010Z] Analyzing nodejs backend spec
[debug] [2022-05-22T01:17:07.011Z] Could not find functions.yaml. Must use http discovery
[debug] [2022-05-22T01:17:07.368Z] Serving at port 9005

[debug] [2022-05-22T01:17:07.458Z] Got response from /__/functions.yaml {"endpoints":{"helloWorld":{"platform":"gcfv1","httpsTrigger":{},"entryPoint":"helloWorld"}},"specVersion":"v1alpha1","requiredAPIs":[]}
[debug] [2022-05-22T01:17:07.470Z] shutdown requested via /__/quitquitquit

[info] +  functions[us-central1-helloWorld]: http function initialized (http://localhost:5001/foodinaflash-a9ca9/us-central1/helloWorld). {"metadata":{"emulator":{"name":"functions"},"message":"\u001b[1mhttp\u001b[22m function initialized (http://localhost:5001/foodinaflash-a9ca9/us-central1/helloWorld)."}}
[debug] [2022-05-22T01:18:19.876Z] [work-queue] {"queueLength":1,"workRunningCount":0}
[debug] [2022-05-22T01:18:19.877Z] [work-queue] {"queueLength":0,"workRunningCount":1}
[debug] [2022-05-22T01:18:19.878Z] Accepted request GET /foodinaflash-a9ca9/us-central1/helloWorld --> us-central1-helloWorld
[debug] [2022-05-22T01:18:19.923Z] [worker-pool] addWorker(us-central1-helloWorld) {"metadata":{"emulator":{"name":"functions"},"message":"[worker-pool] addWorker(us-central1-helloWorld)"}}
[debug] [2022-05-22T01:18:19.923Z] [worker-pool] Adding worker with key us-central1-helloWorld, total=1 {"metadata":{"emulator":{"name":"functions"},"message":"[worker-pool] Adding worker with key us-central1-helloWorld, total=1"}}
[debug] [2022-05-22T01:18:19.923Z] [worker-pool] submitWork(triggerId=us-central1-helloWorld) {"metadata":{"emulator":{"name":"functions"},"message":"[worker-pool] submitWork(triggerId=us-central1-helloWorld)"}}
[debug] [2022-05-22T01:18:19.924Z] [worker-us-central1-helloWorld-4a019ad4-5d30-4add-b82f-6db4f1d0da4e]: Assigning socketPath: \\?\pipe\C:\Users\Matt\Desktop\projects\MealsInAFlash\functions\20332 {"metadata":{"emulator":{"name":"functions"},"message":"[worker-us-central1-helloWorld-4a019ad4-5d30-4add-b82f-6db4f1d0da4e]: Assigning socketPath: \\\\?\\pipe\\C:\\Users\\Matt\\Desktop\\projects\\MealsInAFlash\\functions\\20332"}}
[debug] [2022-05-22T01:18:19.924Z] [worker-us-central1-helloWorld-4a019ad4-5d30-4add-b82f-6db4f1d0da4e]: BUSY {"metadata":{"emulator":{"name":"functions"},"message":"[worker-us-central1-helloWorld-4a019ad4-5d30-4add-b82f-6db4f1d0da4e]: BUSY"}}
[debug] [2022-05-22T01:18:21.992Z] [runtime-status] [20332] Functions runtime initialized. {"cwd":"C:\\Users\\Matt\\Desktop\\projects\\MealsInAFlash\\functions","node_version":"16.14.2"} {"metadata":{"emulator":{"name":"functions"},"function":{"name":"us-central1-helloWorld"},"extension":{},"message":"[runtime-status] [20332] Functions runtime initialized. {\"cwd\":\"C:\\\\Users\\\\Matt\\\\Desktop\\\\projects\\\\MealsInAFlash\\\\functions\",\"node_version\":\"16.14.2\"}"}}
[debug] [2022-05-22T01:18:21.993Z] [runtime-status] [20332] Disabled runtime features: undefined {"metadata":{"emulator":{"name":"functions"},"function":{"name":"us-central1-helloWorld"},"extension":{},"message":"[runtime-status] [20332] Disabled runtime features: undefined"}}
[debug] [2022-05-22T01:18:21.997Z] [runtime-status] [20332] Resolved module firebase-admin {"declared":true,"installed":true,"version":"10.2.0","resolution":"C:\\Users\\Matt\\Desktop\\projects\\MealsInAFlash\\functions\\node_modules\\firebase-admin\\lib\\index.js"} {"metadata":{"emulator":{"name":"functions"},"function":{"name":"us-central1-helloWorld"},"extension":{},"message":"[runtime-status] [20332] Resolved module firebase-admin {\"declared\":true,\"installed\":true,\"version\":\"10.2.0\",\"resolution\":\"C:\\\\Users\\\\Matt\\\\Desktop\\\\projects\\\\MealsInAFlash\\\\functions\\\\node_modules\\\\firebase-admin\\\\lib\\\\index.js\"}"}}
[debug] [2022-05-22T01:18:22.000Z] [runtime-status] [20332] Resolved module firebase-functions {"declared":true,"installed":true,"version":"3.21.2","resolution":"C:\\Users\\Matt\\Desktop\\projects\\MealsInAFlash\\functions\\node_modules\\firebase-functions\\lib\\index.js"} {"metadata":{"emulator":{"name":"functions"},"function":{"name":"us-central1-helloWorld"},"extension":{},"message":"[runtime-status] [20332] Resolved module firebase-functions {\"declared\":true,\"installed\":true,\"version\":\"3.21.2\",\"resolution\":\"C:\\\\Users\\\\Matt\\\\Desktop\\\\projects\\\\MealsInAFlash\\\\functions\\\\node_modules\\\\firebase-functions\\\\lib\\\\index.js\"}"}}
[debug] [2022-05-22T01:18:22.001Z] [runtime-status] [20332] Outgoing network have been stubbed. [{"name":"http","status":"mocked"},{"name":"http","status":"mocked"},{"name":"https","status":"mocked"},{"name":"https","status":"mocked"},{"name":"net","status":"mocked"}] {"metadata":{"emulator":{"name":"functions"},"function":{"name":"us-central1-helloWorld"},"extension":{},"message":"[runtime-status] [20332] Outgoing network have been stubbed. [{\"name\":\"http\",\"status\":\"mocked\"},{\"name\":\"http\",\"status\":\"mocked\"},{\"name\":\"https\",\"status\":\"mocked\"},{\"name\":\"https\",\"status\":\"mocked\"},{\"name\":\"net\",\"status\":\"mocked\"}]"}}
[debug] [2022-05-22T01:18:22.002Z] [runtime-status] [20332] Resolved module firebase-functions {"declared":true,"installed":true,"version":"3.21.2","resolution":"C:\\Users\\Matt\\Desktop\\projects\\MealsInAFlash\\functions\\node_modules\\firebase-functions\\lib\\index.js"} {"metadata":{"emulator":{"name":"functions"},"function":{"name":"us-central1-helloWorld"},"extension":{},"message":"[runtime-status] [20332] Resolved module firebase-functions {\"declared\":true,\"installed\":true,\"version\":\"3.21.2\",\"resolution\":\"C:\\\\Users\\\\Matt\\\\Desktop\\\\projects\\\\MealsInAFlash\\\\functions\\\\node_modules\\\\firebase-functions\\\\lib\\\\index.js\"}"}}
[debug] [2022-05-22T01:18:22.067Z] [runtime-status] [20332] Checked functions.config() {"config":{}} {"metadata":{"emulator":{"name":"functions"},"function":{"name":"us-central1-helloWorld"},"extension":{},"message":"[runtime-status] [20332] Checked functions.config() {\"config\":{}}"}}
[debug] [2022-05-22T01:18:22.067Z] [runtime-status] [20332] firebase-functions has been stubbed. {"functionsResolution":{"declared":true,"installed":true,"version":"3.21.2","resolution":"C:\\Users\\Matt\\Desktop\\projects\\MealsInAFlash\\functions\\node_modules\\firebase-functions\\lib\\index.js"}} {"metadata":{"emulator":{"name":"functions"},"function":{"name":"us-central1-helloWorld"},"extension":{},"message":"[runtime-status] [20332] firebase-functions has been stubbed. {\"functionsResolution\":{\"declared\":true,\"installed\":true,\"version\":\"3.21.2\",\"resolution\":\"C:\\\\Users\\\\Matt\\\\Desktop\\\\projects\\\\MealsInAFlash\\\\functions\\\\node_modules\\\\firebase-functions\\\\lib\\\\index.js\"}}"}}
[debug] [2022-05-22T01:18:22.068Z] [runtime-status] [20332] Resolved module firebase-functions {"declared":true,"installed":true,"version":"3.21.2","resolution":"C:\\Users\\Matt\\Desktop\\projects\\MealsInAFlash\\functions\\node_modules\\firebase-functions\\lib\\index.js"} {"metadata":{"emulator":{"name":"functions"},"function":{"name":"us-central1-helloWorld"},"extension":{},"message":"[runtime-status] [20332] Resolved module firebase-functions {\"declared\":true,\"installed\":true,\"version\":\"3.21.2\",\"resolution\":\"C:\\\\Users\\\\Matt\\\\Desktop\\\\projects\\\\MealsInAFlash\\\\functions\\\\node_modules\\\\firebase-functions\\\\lib\\\\index.js\"}"}}
[debug] [2022-05-22T01:18:22.071Z] [runtime-status] [20332] Resolved module firebase-admin {"declared":true,"installed":true,"version":"10.2.0","resolution":"C:\\Users\\Matt\\Desktop\\projects\\MealsInAFlash\\functions\\node_modules\\firebase-admin\\lib\\index.js"} {"metadata":{"emulator":{"name":"functions"},"function":{"name":"us-central1-helloWorld"},"extension":{},"message":"[runtime-status] [20332] Resolved module firebase-admin {\"declared\":true,\"installed\":true,\"version\":\"10.2.0\",\"resolution\":\"C:\\\\Users\\\\Matt\\\\Desktop\\\\projects\\\\MealsInAFlash\\\\functions\\\\node_modules\\\\firebase-admin\\\\lib\\\\index.js\"}"}}
[debug] [2022-05-22T01:18:22.071Z] [runtime-status] [20332] Resolved module firebase-functions {"declared":true,"installed":true,"version":"3.21.2","resolution":"C:\\Users\\Matt\\Desktop\\projects\\MealsInAFlash\\functions\\node_modules\\firebase-functions\\lib\\index.js"} {"metadata":{"emulator":{"name":"functions"},"function":{"name":"us-central1-helloWorld"},"extension":{},"message":"[runtime-status] [20332] Resolved module firebase-functions {\"declared\":true,\"installed\":true,\"version\":\"3.21.2\",\"resolution\":\"C:\\\\Users\\\\Matt\\\\Desktop\\\\projects\\\\MealsInAFlash\\\\functions\\\\node_modules\\\\firebase-functions\\\\lib\\\\index.js\"}"}}
[debug] [2022-05-22T01:18:22.072Z] [runtime-status] [20332] firebase-admin has been stubbed. {"adminResolution":{"declared":true,"installed":true,"version":"10.2.0","resolution":"C:\\Users\\Matt\\Desktop\\projects\\MealsInAFlash\\functions\\node_modules\\firebase-admin\\lib\\index.js"}} {"metadata":{"emulator":{"name":"functions"},"function":{"name":"us-central1-helloWorld"},"extension":{},"message":"[runtime-status] [20332] firebase-admin has been stubbed. {\"adminResolution\":{\"declared\":true,\"installed\":true,\"version\":\"10.2.0\",\"resolution\":\"C:\\\\Users\\\\Matt\\\\Desktop\\\\projects\\\\MealsInAFlash\\\\functions\\\\node_modules\\\\firebase-admin\\\\lib\\\\index.js\"}}"}}
[debug] [2022-05-22T01:18:22.074Z] [runtime-status] [20332] Beginning invocation function helloWorld! {"metadata":{"emulator":{"name":"functions"},"function":{"name":"us-central1-helloWorld"},"extension":{},"message":"[runtime-status] [20332] Beginning invocation function helloWorld!"}}
[info] i  functions: Beginning execution of "helloWorld" {"metadata":{"emulator":{"name":"functions"},"function":{"name":"us-central1-helloWorld"},"extension":{},"message":"Beginning execution of \"helloWorld\""}}
[debug] [2022-05-22T01:18:22.076Z] [runtime-status] [20332] Running helloWorld in signature http {"metadata":{"emulator":{"name":"functions"},"function":{"name":"us-central1-helloWorld"},"extension":{},"message":"[runtime-status] [20332] Running helloWorld in signature http"}}
[debug] [2022-05-22T01:18:22.083Z] [runtime-status] [20332] Attempting to listen to socketPath: \\?\pipe\C:\Users\Matt\Desktop\projects\MealsInAFlash\functions\20332 {"metadata":{"emulator":{"name":"functions"},"function":{"name":"us-central1-helloWorld"},"extension":{},"message":"[runtime-status] [20332] Attempting to listen to socketPath: \\\\?\\pipe\\C:\\Users\\Matt\\Desktop\\projects\\MealsInAFlash\\functions\\20332"}}
[debug] [2022-05-22T01:18:22.088Z] [functions] Runtime ready! Sending request! {"metadata":{"emulator":{"name":"functions"},"message":"[functions] Runtime ready! Sending request!"}}
[debug] [2022-05-22T01:18:22.089Z] [functions] Got req.url=/foodinaflash-a9ca9/us-central1/helloWorld, mapping to path=/ {"metadata":{"emulator":{"name":"functions"},"message":"[functions] Got req.url=/foodinaflash-a9ca9/us-central1/helloWorld, mapping to path=/"}}
[debug] [2022-05-22T01:18:22.105Z] [runtime-status] [20332] Ephemeral server handling GET request {"metadata":{"emulator":{"name":"functions"},"function":{"name":"us-central1-helloWorld"},"extension":{},"message":"[runtime-status] [20332] Ephemeral server handling GET request"}}
[info] >  {"structuredData":true,"severity":"INFO","message":"Hello logs!"} {"user":{"structuredData":true,"severity":"INFO","message":"Hello logs!"},"metadata":{"emulator":{"name":"functions"},"function":{"name":"us-central1-helloWorld"},"extension":{},"message":"\u001b[90m> \u001b[39m {\"structuredData\":true,\"severity\":\"INFO\",\"message\":\"Hello logs!\"}"}}
[debug] [2022-05-22T01:18:22.117Z] [runtime-status] [20332] Ephemeral server survived. {"metadata":{"emulator":{"name":"functions"},"function":{"name":"us-central1-helloWorld"},"extension":{},"message":"[runtime-status] [20332] Ephemeral server survived."}}
[info] i  functions: Finished "helloWorld" in ~1s {"metadata":{"emulator":{"name":"functions"},"function":{"name":"us-central1-helloWorld"},"extension":{},"message":"Finished \"helloWorld\" in ~1s"}}
[debug] [2022-05-22T01:18:22.175Z] [worker-us-central1-helloWorld-4a019ad4-5d30-4add-b82f-6db4f1d0da4e]: IDLE {"metadata":{"emulator":{"name":"functions"},"message":"[worker-us-central1-helloWorld-4a019ad4-5d30-4add-b82f-6db4f1d0da4e]: IDLE"}}
[debug] [2022-05-22T01:18:22.176Z] [work-queue] {"queueLength":0,"workRunningCount":0}
[debug] [2022-05-22T01:18:22.507Z] Functions emulator received unknown request at path /favicon.ico
[debug] [2022-05-22T01:19:23.759Z] File C:\Users\Matt\Desktop\projects\MealsInAFlash\functions\index.js changed, reloading triggers {"metadata":{"emulator":{"name":"functions"},"message":"File C:\\Users\\Matt\\Desktop\\projects\\MealsInAFlash\\functions\\index.js changed, reloading triggers"}}
